<Profile>
  <Apps>
    <App>
      <Id>TestApp</Id>
      <IdDesc>N/A</IdDesc>
      <LongDesc>N/A</LongDesc>
      <Version>
        <Version>N/A</Version>
        <PatchVersion>N/A</PatchVersion>
        <FrameworkVersion>N/A</FrameworkVersion>
        <DLLVersion>N/A</DLLVersion>
      </Version>
    </App>
  </Apps>
  <Environment>
    <SW>
      <OSs>
        <OS>
          <Name>Microsoft Windows 7 Ultimate </Name>
          <Architecture>32-bit</Architecture>
          <Releases>
            <Release>
              <Name>6.1.7601</Name>
              <ServicePack>1</ServicePack>
            </Release>
          </Releases>
        </OS>
      </OSs>
    </SW>
    <HW>
      <Disks>
        <Disk>          
          <!--
          <AvailableFreeSpace>4819554304</AvailableFreeSpace>
          <PercentFreeSpace>0</PercentFreeSpace>
          -->
          <DriveType>Fixed</DriveType>
        </Disk>
        <Disk>
          <DriveType>Removable</DriveType>
        </Disk>
      </Disks>
      <CPU>
        <CPUInfo>
          <Manufacturer>GenuineIntel</Manufacturer>          
          <!--<Name>Intel(R) Core(TM)2 Duo CPU     E8235  @ 2.80GHz</Name>-->
          <Datawidth>32</Datawidth>
          <!--<Maxclockspeed>445</Maxclockspeed>-->
        </CPUInfo>
      </CPU>
      <RAM>
        <TotalVisibleMemorySize>25329200</TotalVisibleMemorySize>
        <TotalVirtualMemorySize>5061924</TotalVirtualMemorySize>
        <!--
        <FreePhysicalMemory>1334288</FreePhysicalMemory>
        <FreeVirtualMemory>3931244</FreeVirtualMemory>
        -->
      </RAM>
    </HW>
  </Environment>
</Profile>